<?xml version="1.0" encoding="UTF-8" ?>
<testsuite errors="0" failures="0" hostname="LAPTOP-NCAFVVED" name="disasterresponsesystem.IncidentTest" skipped="0" tests="7" time="0.139" timestamp="2025-06-15T10:31:48">
  <properties>
    <property name="libs.jsp-compiler.javadoc" value="" />
    <property name="netbeans.autoupdate.country" value="IN" />
    <property name="libs.jakartaee-web-api-8.0.src" value="" />
    <property name="javafx.binarycss" value="false" />
    <property name="libs.graaljs.maven-pom" value="" />
    <property name="javafx.signing.enabled" value="false" />
    <property name="javac.test.classpath" value="C:\Users\91635\Downloads\mysql-connector-j-9.3.0\mysql-connector-j-9.3.0\mysql-connector-j-9.3.0.jar:build/classes:C:\Program Files\NetBeans-25\netbeans\platform\modules\ext\junit-4.13.2.jar:C:\Program Files\NetBeans-25\netbeans\platform\modules\ext\hamcrest-core-1.3.jar" />
    <property name="libs.jsf20.maven-pom" value="" />
    <property name="manifest.custom.codebase" value="*" />
    <property name="javafx.signing.blob" value="false" />
    <property name="javac.test.sourcepath" value="C:\Users\91635\Documents\NetBeansProjects\DisasterResponseSystem\build\empty" />
    <property name="maven.defaultProjectBuilder.disableGlobalModelCache" value="true" />
    <property name="ant.core.lib" value="C:\Program Files\NetBeans-25\netbeans\extide\ant\lib\ant.jar" />
    <property name="libs.graal.maven-pom" value="" />
    <property name="javadoc.windowtitle" value="" />
    <property name="libs.jsp-compilation.javadoc" value="" />
    <property name="javafx.preloader.enabled" value="false" />
    <property name="user.dir" value="C:\Users\91635\Documents\NetBeansProjects\DisasterResponseSystem" />
    <property name="libs.javaee-api-7.0.src" value="" />
    <property name="java.vm.version" value="25.452-b09" />
    <property name="libs.jakartaee-web-api-8.0.maven-pom" value="" />
    <property name="libs.eclipselinkmodelgen.src" value="" />
    <property name="javadoc.notree" value="false" />
    <property name="netbeans.autoupdate.version" value="1.23" />
    <property name="javafx.run.as" value="standalone" />
    <property name="libs.javaee-web-api-6.0.classpath" value="C:\Program Files\NetBeans-25\netbeans\enterprise\modules\ext\javaee-web-api-6.0.jar" />
    <property name="javac.profile.cmd.line.arg" value="" />
    <property name="jdk.home" value="C:\Users\91635\Downloads\jdk-17.0.12_windows-x64_bin\jdk-17.0.12" />
    <property name="javafx.deploy.addstartmenushortcut" value="false" />
    <property name="javafx.enabled" value="true" />
    <property name="javadoc.noindex" value="false" />
    <property name="sun.os.patch.level" value="" />
    <property name="auxiliary.org-netbeans-modules-projectapi.issue214819_5f_fx_5f_enabled" value="true" />
    <property name="java.vm.specification.name" value="Java Virtual Machine Specification" />
    <property name="netbeans.autoupdate.variant" value="" />
    <property name="have.tests" value="true" />
    <property name="org.xml.sax.driver" value="com.sun.org.apache.xerces.internal.jaxp.SAXParserImpl$JAXPSAXParser" />
    <property name="libs.hamcrest.classpath" value="C:\Program Files\NetBeans-25\netbeans\platform\modules\ext\hamcrest-core-1.3.jar" />
    <property name="os.name" value="Windows 10" />
    <property name="libs.jakartaee-web-api-9.0.javadoc" value="C:\Program Files\NetBeans-25\netbeans\enterprise\docs\jakartaee9-doc-api.jar" />
    <property name="java.specification.maintenance.version" value="6" />
    <property name="ant.file.DisasterResponseSystem-impl" value="C:\Users\91635\Documents\NetBeansProjects\DisasterResponseSystem\nbproject\build-impl.xml" />
    <property name="libs.javaee-endorsed-api-7.0.maven-pom" value="" />
    <property name="ap.proc.none.internal" value="" />
    <property name="libs.restapi.javadoc" value="" />
    <property name="libs.JWSAntTasks.maven-pom" value="" />
    <property name="libs.jstl.classpath" value="C:\Program Files\NetBeans-25\netbeans\enterprise\modules\ext\jstl-impl.jar;C:\Program Files\NetBeans-25\netbeans\enterprise\modules\ext\jstl-api.jar" />
    <property name="libs.testng.src" value="" />
    <property name="javafx.preloader.project.path" value="" />
    <property name="libs.jakartaee-web-api-11.0.javadoc" value="C:\Program Files\NetBeans-25\netbeans\enterprise\docs\jakartaee11-doc-api.jar" />
    <property name="libs.restapi.classpath" value="C:\Program Files\NetBeans-25\netbeans\enterprise\modules\ext\jaxrs-2.1\jakarta.ws.rs-api-2.1.6.jar" />
    <property name="java.vendor.url.bug" value="http://www.azul.com/support/" />
    <property name="javafx.preloader.type" value="none" />
    <property name="libs.jaxb.maven-pom" value="" />
    <property name="os.arch" value="amd64" />
    <property name="libs.eclipselink.src" value="" />
    <property name="user.name" value="91635" />
    <property name="copylibs.rebase" value="true" />
    <property name="libs.spring-webmvc5.0.javadoc" value="" />
    <property name="libs.spring-framework500.classpath" value="C:\Program Files\NetBeans-25\netbeans\platform\modules\org-apache-commons-logging.jar;C:\Program Files\NetBeans-25\netbeans\java\modules\ext\cglib-2.2.jar;C:\Program Files\NetBeans-25\netbeans\java\modules\ext\spring-5\spring-aop-5.3.31.jar;C:\Program Files\NetBeans-25\netbeans\java\modules\ext\spring-5\spring-aspects-5.3.31.jar;C:\Program Files\NetBeans-25\netbeans\java\modules\ext\spring-5\spring-beans-5.3.31.jar;C:\Program Files\NetBeans-25\netbeans\java\modules\ext\spring-5\spring-context-5.3.31.jar;C:\Program Files\NetBeans-25\netbeans\java\modules\ext\spring-5\spring-context-indexer-5.3.31.jar;C:\Program Files\NetBeans-25\netbeans\java\modules\ext\spring-5\spring-context-support-5.3.31.jar;C:\Program Files\NetBeans-25\netbeans\java\modules\ext\spring-5\spring-core-5.3.31.jar;C:\Program Files\NetBeans-25\netbeans\java\modules\ext\spring-5\spring-expression-5.3.31.jar;C:\Program Files\NetBeans-25\netbeans\java\modules\ext\spring-5\spring-instrument-5.3.31.jar;C:\Program Files\NetBeans-25\netbeans\java\modules\ext\spring-5\spring-jcl-5.3.31.jar;C:\Program Files\NetBeans-25\netbeans\java\modules\ext\spring-5\spring-jdbc-5.3.31.jar;C:\Program Files\NetBeans-25\netbeans\java\modules\ext\spring-5\spring-jms-5.3.31.jar;C:\Program Files\NetBeans-25\netbeans\java\modules\ext\spring-5\spring-messaging-5.3.31.jar;C:\Program Files\NetBeans-25\netbeans\java\modules\ext\spring-5\spring-orm-5.3.31.jar;C:\Program Files\NetBeans-25\netbeans\java\modules\ext\spring-5\spring-oxm-5.3.31.jar;C:\Program Files\NetBeans-25\netbeans\java\modules\ext\spring-5\spring-test-5.3.31.jar;C:\Program Files\NetBeans-25\netbeans\java\modules\ext\spring-5\spring-tx-5.3.31.jar;C:\Program Files\NetBeans-25\netbeans\java\modules\ext\spring-5\spring-web-5.3.31.jar;C:\Program Files\NetBeans-25\netbeans\java\modules\ext\spring-5\spring-webflux-5.3.31.jar;C:\Program Files\NetBeans-25\netbeans\java\modules\ext\spring-5\spring-webmvc-5.3.31.jar;C:\Program Files\NetBeans-25\netbeans\java\modules\ext\spring-5\spring-websocket-5.3.31.jar" />
    <property name="sun.java.command" value="org.apache.tools.ant.taskdefs.optional.junit.JUnitTestRunner disasterresponsesystem.IncidentTest skipNonTests=false filtertrace=true haltOnError=false haltOnFailure=false showoutput=true outputtoformatters=true logfailedtests=true threadid=0 logtestlistenerevents=true formatter=org.apache.tools.ant.taskdefs.optional.junit.BriefJUnitResultFormatter formatter=org.apache.tools.ant.taskdefs.optional.junit.XMLJUnitResultFormatter,C:\Users\91635\Documents\NetBeansProjects\DisasterResponseSystem\build\test\results\TEST-disasterresponsesystem.IncidentTest.xml crashfile=C:\Users\91635\Documents\NetBeansProjects\DisasterResponseSystem\build\junitvmwatcher2477697890570018520.properties propsfile=C:\Users\91635\Documents\NetBeansProjects\DisasterResponseSystem\build\junit1961353534662798037.properties" />
    <property name="build.classes.dir" value="build/classes" />
    <property name="build.sysclasspath" value="ignore" />
    <property name="manifest.encoding" value="UTF-8" />
    <property name="ap.supported.internal" value="true" />
    <property name="java.failonerror" value="true" />
    <property name="libs.javaee-api-8.0.maven-pom" value="" />
    <property name="run.modulepath" value="C:\Program Files\NetBeans-25\netbeans\platform\modules\ext\junit-4.13.2.jar" />
    <property name="libs.javaee-endorsed-api-7.0.javadoc" value="C:\Program Files\NetBeans-25\netbeans\enterprise\docs\javaee-doc-api.jar" />
    <property name="libs.jaxws21.javadoc" value="C:\Program Files\NetBeans-25\netbeans\java\docs\jaxws-api-doc.zip" />
    <property name="jdk.debug" value="release" />
    <property name="javafx.run.width" value="800" />
    <property name="includes" value="**" />
    <property name="user.country" value="IN" />
    <property name="manifest.file" value="manifest.mf" />
    <property name="javadoc.encoding" value="UTF-8" />
    <property name="platform.home" value="C:\Users\91635\Downloads\zulu8.86.0.25-ca-fx-jdk8.0.452-win_x64\zulu8.86.0.25-ca-fx-jdk8.0.452-win_x64" />
    <property name="javac.classpath" value="C:\Users\91635\Downloads\mysql-connector-j-9.3.0\mysql-connector-j-9.3.0\mysql-connector-j-9.3.0.jar" />
    <property name="libs.jsp-compilation-syscp.src" value="" />
    <property name="libs.jakartaee-web-api-11.0.classpath" value="C:\Program Files\NetBeans-25\netbeans\enterprise\modules\ext\jakarta.jakartaee-web-api-11.0.0.jar" />
    <property name="platform.bootcp" value="C:\Users\91635\Downloads\zulu8.86.0.25-ca-fx-jdk8.0.452-win_x64\zulu8.86.0.25-ca-fx-jdk8.0.452-win_x64\jre\lib\resources.jar;C:\Users\91635\Downloads\zulu8.86.0.25-ca-fx-jdk8.0.452-win_x64\zulu8.86.0.25-ca-fx-jdk8.0.452-win_x64\jre\lib\rt.jar;C:\Users\91635\Downloads\zulu8.86.0.25-ca-fx-jdk8.0.452-win_x64\zulu8.86.0.25-ca-fx-jdk8.0.452-win_x64\jre\lib\sunrsasign.jar;C:\Users\91635\Downloads\zulu8.86.0.25-ca-fx-jdk8.0.452-win_x64\zulu8.86.0.25-ca-fx-jdk8.0.452-win_x64\jre\lib\jsse.jar;C:\Users\91635\Downloads\zulu8.86.0.25-ca-fx-jdk8.0.452-win_x64\zulu8.86.0.25-ca-fx-jdk8.0.452-win_x64\jre\lib\jce.jar;C:\Users\91635\Downloads\zulu8.86.0.25-ca-fx-jdk8.0.452-win_x64\zulu8.86.0.25-ca-fx-jdk8.0.452-win_x64\jre\lib\charsets.jar;C:\Users\91635\Downloads\zulu8.86.0.25-ca-fx-jdk8.0.452-win_x64\zulu8.86.0.25-ca-fx-jdk8.0.452-win_x64\jre\lib\jfr.jar;C:\Users\91635\Downloads\zulu8.86.0.25-ca-fx-jdk8.0.452-win_x64\zulu8.86.0.25-ca-fx-jdk8.0.452-win_x64\jre\lib\cat.jar;C:\Users\91635\Downloads\zulu8.86.0.25-ca-fx-jdk8.0.452-win_x64\zulu8.86.0.25-ca-fx-jdk8.0.452-win_x64\jre\classes;C:\Users\91635\Downloads\zulu8.86.0.25-ca-fx-jdk8.0.452-win_x64\zulu8.86.0.25-ca-fx-jdk8.0.452-win_x64\jre\lib\ext\access-bridge-64.jar;C:\Users\91635\Downloads\zulu8.86.0.25-ca-fx-jdk8.0.452-win_x64\zulu8.86.0.25-ca-fx-jdk8.0.452-win_x64\jre\lib\ext\cldrdata.jar;C:\Users\91635\Downloads\zulu8.86.0.25-ca-fx-jdk8.0.452-win_x64\zulu8.86.0.25-ca-fx-jdk8.0.452-win_x64\jre\lib\ext\crs-agent.jar;C:\Users\91635\Downloads\zulu8.86.0.25-ca-fx-jdk8.0.452-win_x64\zulu8.86.0.25-ca-fx-jdk8.0.452-win_x64\jre\lib\ext\dnsns.jar;C:\Users\91635\Downloads\zulu8.86.0.25-ca-fx-jdk8.0.452-win_x64\zulu8.86.0.25-ca-fx-jdk8.0.452-win_x64\jre\lib\ext\jaccess.jar;C:\Users\91635\Downloads\zulu8.86.0.25-ca-fx-jdk8.0.452-win_x64\zulu8.86.0.25-ca-fx-jdk8.0.452-win_x64\jre\lib\ext\jfxrt.jar;C:\Users\91635\Downloads\zulu8.86.0.25-ca-fx-jdk8.0.452-win_x64\zulu8.86.0.25-ca-fx-jdk8.0.452-win_x64\jre\lib\ext\localedata.jar;C:\Users\91635\Downloads\zulu8.86.0.25-ca-fx-jdk8.0.452-win_x64\zulu8.86.0.25-ca-fx-jdk8.0.452-win_x64\jre\lib\ext\nashorn.jar;C:\Users\91635\Downloads\zulu8.86.0.25-ca-fx-jdk8.0.452-win_x64\zulu8.86.0.25-ca-fx-jdk8.0.452-win_x64\jre\lib\ext\sunec.jar;C:\Users\91635\Downloads\zulu8.86.0.25-ca-fx-jdk8.0.452-win_x64\zulu8.86.0.25-ca-fx-jdk8.0.452-win_x64\jre\lib\ext\sunjce_provider.jar;C:\Users\91635\Downloads\zulu8.86.0.25-ca-fx-jdk8.0.452-win_x64\zulu8.86.0.25-ca-fx-jdk8.0.452-win_x64\jre\lib\ext\sunmscapi.jar;C:\Users\91635\Downloads\zulu8.86.0.25-ca-fx-jdk8.0.452-win_x64\zulu8.86.0.25-ca-fx-jdk8.0.452-win_x64\jre\lib\ext\sunpkcs11.jar;C:\Users\91635\Downloads\zulu8.86.0.25-ca-fx-jdk8.0.452-win_x64\zulu8.86.0.25-ca-fx-jdk8.0.452-win_x64\jre\lib\ext\zipfs.jar" />
    <property name="debug-transport" value="dt_shmem" />
    <property name="netbeans.home" value="C:\Program Files\NetBeans-25\netbeans\platform" />
    <property name="build.compiler.emacs" value="true" />
    <property name="libs.javaee-web-api-6.0.src" value="" />
    <property name="libs.jakartaee-api-10.0.src" value="" />
    <property name="libs.jsp-compilation-syscp.classpath" value="C:\Program Files\NetBeans-25\netbeans\extide\ant\lib\ant.jar;C:\Program Files\NetBeans-25\netbeans\enterprise\modules\ext\servlet4.0-jsp2.3-api.jar;C:\Program Files\NetBeans-25\netbeans\enterprise\modules\ext\glassfish-jspparser-5.1.0.jar;C:\Program Files\NetBeans-25\netbeans\enterprise\modules\ext\jstl-impl.jar;C:\Program Files\NetBeans-25\netbeans\enterprise\modules\ext\jsf-2_2\javax.faces.jar" />
    <property name="javac.modulepath" value="C:\Program Files\NetBeans-25\netbeans\platform\modules\ext\junit-4.13.2.jar" />
    <property name="ant.file.DisasterResponseSystem" value="C:\Users\91635\Documents\NetBeansProjects\DisasterResponseSystem\build.xml" />
    <property name="javafx.deploy.includeDT" value="true" />
    <property name="java.endorsed.dirs" value="C:\Users\91635\Downloads\zulu8.86.0.25-ca-fx-jdk8.0.452-win_x64\zulu8.86.0.25-ca-fx-jdk8.0.452-win_x64\jre\lib\endorsed" />
    <property name="libs.groovy-all.src" value="" />
    <property name="libs.junit_5.src" value="C:\Program Files\NetBeans-25\netbeans\platform\docs\junit-jupiter-api-5.10.3-sources.jar;C:\Program Files\NetBeans-25\netbeans\platform\docs\junit-jupiter-params-5.10.3-sources.jar;C:\Program Files\NetBeans-25\netbeans\platform\docs\junit-jupiter-engine-5.10.3-sources.jar" />
    <property name="libs.jakartaee-api-8.0.classpath" value="C:\Program Files\NetBeans-25\netbeans\enterprise\modules\ext\jakarta.jakartaee-api-8.0.0.jar" />
    <property name="netbeans.dynamic.classpath" value="C:\Program Files\NetBeans-25\netbeans\platform\core\asm-9.7.1.jar;C:\Program Files\NetBeans-25\netbeans\platform\core\asm-commons-9.7.1.jar;C:\Program Files\NetBeans-25\netbeans\platform\core\asm-tree-9.7.1.jar;C:\Program Files\NetBeans-25\netbeans\platform\core\core-base.jar;C:\Program Files\NetBeans-25\netbeans\platform\core\core.jar;C:\Program Files\NetBeans-25\netbeans\platform\core\org-netbeans-libs-asm.jar;C:\Program Files\NetBeans-25\netbeans\platform\core\org-openide-filesystems-compat8.jar;C:\Program Files\NetBeans-25\netbeans\platform\core\org-openide-filesystems.jar;C:\Program Files\NetBeans-25\netbeans\nb\core\org-netbeans-upgrader.jar;C:\Program Files\NetBeans-25\netbeans\nb\core\locale\core_nb.jar" />
    <property name="jnlp.enabled" value="false" />
    <property name="java.vm.specification.version" value="1.8" />
    <property name="plugin.manager.check.updates" value="false" />
    <property name="libs.primefaces.classpath" value="C:\Program Files\NetBeans-25\netbeans\enterprise\modules\ext\primefaces\primefaces-5.0.jar" />
    <property name="libs.javaee-api-6.0.classpath" value="C:\Program Files\NetBeans-25\netbeans\enterprise\modules\ext\javaee-api-6.0.jar" />
    <property name="libs.groovy-all.maven-pom" value="" />
    <property name="netbeans.productversion" value="Apache NetBeans IDE 25" />
    <property name="javafx.preloader.class" value="" />
    <property name="libs.jaxws21.src" value="" />
    <property name="application.title" value="DisasterResponseSystem" />
    <property name="libs.spring-webmvc5.0.classpath" value="C:\Program Files\NetBeans-25\netbeans\java\modules\ext\spring-5\spring-webmvc-5.3.31.jar" />
    <property name="netbeans.autoupdate.language" value="en" />
    <property name="java.vendor" value="Azul Systems, Inc." />
    <property name="libs.javaee-api-6.0.javadoc" value="C:\Program Files\NetBeans-25\netbeans\enterprise\docs\javaee-doc-api.jar" />
    <property name="jar.index.metainf" value="false" />
    <property name="libs.jakartaee-api-11.0.classpath" value="C:\Program Files\NetBeans-25\netbeans\enterprise\modules\ext\jakarta.jakartaee-api-11.0.0.jar" />
    <property name="javac.debug" value="true" />
    <property name="javadoc.splitindex" value="true" />
    <property name="file.separator" value="\" />
    <property name="libs.junit_4.maven-pom" value="" />
    <property name="mkdist.disabled" value="false" />
    <property name="javac.test.processorpath" value="C:\Users\91635\Downloads\mysql-connector-j-9.3.0\mysql-connector-j-9.3.0\mysql-connector-j-9.3.0.jar:build/classes:C:\Program Files\NetBeans-25\netbeans\platform\modules\ext\junit-4.13.2.jar:C:\Program Files\NetBeans-25\netbeans\platform\modules\ext\hamcrest-core-1.3.jar" />
    <property name="netbeans.buildnumber" value="25-0f82d968998b78ef4d323537d1149eb68e747d9a" />
    <property name="libs.JWSAntTasks.javadoc" value="" />
    <property name="build.generated.sources.dir" value="build/generated-sources" />
    <property name="user.variant" value="" />
    <property name="libs.eclipselinkmodelgen.classpath" value="C:\Program Files\NetBeans-25\netbeans\java\modules\ext\eclipselink\org.eclipse.persistence.jpa.modelgen.processor-2.7.12.jar" />
    <property name="libs.javaee-endorsed-api-7.0.src" value="" />
    <property name="sun.java.launcher" value="SUN_STANDARD" />
    <property name="libs.jaxb.javadoc" value="C:\Program Files\NetBeans-25\netbeans\ide\docs\jaxb-api-doc.jar" />
    <property name="ant.home" value="C:\Program Files\NetBeans-25\netbeans\extide\ant" />
    <property name="libs.junit_4.src" value="C:\Program Files\NetBeans-25\netbeans\platform\docs\junit-4.13.2-sources.jar" />
    <property name="apple.awt.application.appearance" value="system" />
    <property name="javafx.run.height" value="600" />
    <property name="libs.testng.classpath" value="C:\Program Files\NetBeans-25\netbeans\platform\modules\ext\testng-6.14.3.jar;C:\Program Files\NetBeans-25\netbeans\platform\modules\ext\jcommander-1.78.jar" />
    <property name="libs.absolutelayout.maven-pom" value="" />
    <property name="jdk.vendor.version" value="Zulu 8.86.0.25-CA-win64" />
    <property name="ant.java.version" value="17" />
    <property name="java.library.path" value="C:\Users\91635\Downloads\zulu8.86.0.25-ca-fx-jdk8.0.452-win_x64\zulu8.86.0.25-ca-fx-jdk8.0.452-win_x64\bin;C:\windows\Sun\Java\bin;C:\windows\system32;C:\windows;C:\Program Files\Python312\Scripts\;C:\Program Files\Python312\;C:\Program Files\Common Files\Oracle\Java\javapath;C:\Python39\Scripts\;C:\Python39\;C:\Program Files (x86)\Common Files\Oracle\Java\javapath;C:\windows\system32;C:\windows;C:\windows\System32\Wbem;C:\windows\System32\WindowsPowerShell\v1.0\;C:\windows\System32\OpenSSH\;C:\Program Files\Microsoft VS Code\bin;C:\Program Files\dotnet\;C:\Program Files\Microsoft SQL Server\130\Tools\Binn\;C:\Program Files\Microsoft SQL Server\Client SDK\ODBC\170\Tools\Binn\;C:\ProgramData\chocolatey\bin;C:\Users\91635\Downloads\mongosh-1.1.0-win32-x64\bin;C:\Program Files\Git\cmd;C:\Users\91635\Desktop\Shivam\Software\flutter\bin;C:\Program Files\Java\jdk1.8.0_281\bin;C:\Program Files\Amazon\AWSCLIV2\;C:\Users\91635\AppData\Local\Pub\Cache\bin;C:\Program Files\PuTTY\;C:\Program Files\HP\HP One Agent;C:\Program Files\nodejs\;C:\Users\91635\Downloads\jdk-17.0.12_windows-x64_bin\jdk-17.0.12\bin;C:\Users\91635\Downloads\apache-ant-1.10.15-bin\apache-ant-1.10.15\bin;C:\Program Files\MySQL\MySQL Shell 8.0\bin\;C:\Program Files\PostgreSQL\12\bin;C:\Users\91635\AppData\Roaming\npm;." />
    <property name="javadoc.author" value="false" />
    <property name="libs.metro.maven-pom" value="" />
    <property name="java.util.logging.config.class" value="org.netbeans.core.startup.TopLogging" />
    <property name="libs.PostgreSQLDriver.src" value="" />
    <property name="libs.graaljs.javadoc" value="" />
    <property name="libs.jakartaee-web-api-9.0.maven-pom" value="" />
    <property name="libs.jakartaee-api-10.0.classpath" value="C:\Program Files\NetBeans-25\netbeans\enterprise\modules\ext\jakarta.jakartaee-api-10.0.0.jar" />
    <property name="libs.spring-framework500.javadoc" value="" />
    <property name="libs.graaljs.src" value="" />
    <property name="sun.arch.data.model" value="64" />
    <property name="basedir" value="C:\Users\91635\Documents\NetBeansProjects\DisasterResponseSystem" />
    <property name="libs.jpa20-persistence.maven-pom" value="" />
    <property name="jar.compress" value="false" />
    <property name="libs.javaee-web-api-7.0.classpath" value="C:\Program Files\NetBeans-25\netbeans\enterprise\modules\ext\javaee-web-api-7.0.jar" />
    <property name="path.separator" value=";" />
    <property name="libs.javaee-web-api-6.0.javadoc" value="C:\Program Files\NetBeans-25\netbeans\enterprise\docs\javaee-doc-api.jar" />
    <property name="ant.junit.enabletestlistenerevents" value="true" />
    <property name="java.lang.Runtime.level" value="FINE" />
    <property name="platform.javac" value="C:\Users\91635\Downloads\zulu8.86.0.25-ca-fx-jdk8.0.452-win_x64\zulu8.86.0.25-ca-fx-jdk8.0.452-win_x64/bin/javac" />
    <property name="sun.io.unicode.encoding" value="UnicodeLittle" />
    <property name="libs.jaxws21.classpath" value="C:\Program Files\NetBeans-25\netbeans\java\modules\ext\jaxws22\api\jakarta.jws-api.jar;C:\Program Files\NetBeans-25\netbeans\java\modules\ext\jaxws22\api\jakarta.xml.soap-api.jar;C:\Program Files\NetBeans-25\netbeans\java\modules\ext\jaxws22\api\jakarta.xml.ws-api.jar;C:\Program Files\NetBeans-25\netbeans\java\modules\ext\jaxws22\FastInfoset.jar;C:\Program Files\NetBeans-25\netbeans\java\modules\ext\jaxws22\gmbal-api-only.jar;C:\Program Files\NetBeans-25\netbeans\java\modules\ext\jaxws22\ha-api.jar;C:\Program Files\NetBeans-25\netbeans\java\modules\ext\jaxws22\jakarta.mail.jar;C:\Program Files\NetBeans-25\netbeans\java\modules\ext\jaxws22\jaxws-rt.jar;C:\Program Files\NetBeans-25\netbeans\java\modules\ext\jaxws22\jaxws-tools.jar;C:\Program Files\NetBeans-25\netbeans\java\modules\ext\jaxws22\management-api.jar;C:\Program Files\NetBeans-25\netbeans\java\modules\ext\jaxws22\mimepull.jar;C:\Program Files\NetBeans-25\netbeans\java\modules\ext\jaxws22\policy.jar;C:\Program Files\NetBeans-25\netbeans\java\modules\ext\jaxws22\saaj-impl.jar;C:\Program Files\NetBeans-25\netbeans\java\modules\ext\jaxws22\stax-ex.jar;C:\Program Files\NetBeans-25\netbeans\java\modules\ext\jaxws22\stax2-api.jar;C:\Program Files\NetBeans-25\netbeans\java\modules\ext\jaxws22\streambuffer.jar;C:\Program Files\NetBeans-25\netbeans\java\modules\ext\jaxws22\woodstox-core.jar;C:\Program Files\NetBeans-25\netbeans\ide\modules\ext\jaxb\api\jaxb-api.jar;C:\Program Files\NetBeans-25\netbeans\ide\modules\ext\jaxb\activation.jar;C:\Program Files\NetBeans-25\netbeans\ide\modules\ext\jaxb\jaxb-impl.jar;C:\Program Files\NetBeans-25\netbeans\ide\modules\ext\jaxb\jaxb-xjc.jar" />
    <property name="truffle.UseFallbackRuntime" value="true" />
    <property name="compile.on.save" value="true" />
    <property name="user.language" value="en" />
    <property name="testng.mode" value="testng" />
    <property name="libs.JAXB-ENDORSED.maven-pom" value="" />
    <property name="libs.eclipselink.maven-pom" value="" />
    <property name="org.netbeans.io.suspend" value="0" />
    <property name="platforms.JDK_17.bootclasspath" value="C:\Users\91635\Downloads\zulu17.58.21-ca-fx-jdk17.0.15-win_x64\zulu17.58.21-ca-fx-jdk17.0.15-win_x64\!/modules/com.azul.crs.client/;C:\Users\91635\Downloads\zulu17.58.21-ca-fx-jdk17.0.15-win_x64\zulu17.58.21-ca-fx-jdk17.0.15-win_x64\!/modules/com.azul.tooling/;C:\Users\91635\Downloads\zulu17.58.21-ca-fx-jdk17.0.15-win_x64\zulu17.58.21-ca-fx-jdk17.0.15-win_x64\!/modules/java.base/;C:\Users\91635\Downloads\zulu17.58.21-ca-fx-jdk17.0.15-win_x64\zulu17.58.21-ca-fx-jdk17.0.15-win_x64\!/modules/java.compiler/;C:\Users\91635\Downloads\zulu17.58.21-ca-fx-jdk17.0.15-win_x64\zulu17.58.21-ca-fx-jdk17.0.15-win_x64\!/modules/java.datatransfer/;C:\Users\91635\Downloads\zulu17.58.21-ca-fx-jdk17.0.15-win_x64\zulu17.58.21-ca-fx-jdk17.0.15-win_x64\!/modules/java.desktop/;C:\Users\91635\Downloads\zulu17.58.21-ca-fx-jdk17.0.15-win_x64\zulu17.58.21-ca-fx-jdk17.0.15-win_x64\!/modules/java.instrument/;C:\Users\91635\Downloads\zulu17.58.21-ca-fx-jdk17.0.15-win_x64\zulu17.58.21-ca-fx-jdk17.0.15-win_x64\!/modules/java.logging/;C:\Users\91635\Downloads\zulu17.58.21-ca-fx-jdk17.0.15-win_x64\zulu17.58.21-ca-fx-jdk17.0.15-win_x64\!/modules/java.management/;C:\Users\91635\Downloads\zulu17.58.21-ca-fx-jdk17.0.15-win_x64\zulu17.58.21-ca-fx-jdk17.0.15-win_x64\!/modules/java.management.rmi/;C:\Users\91635\Downloads\zulu17.58.21-ca-fx-jdk17.0.15-win_x64\zulu17.58.21-ca-fx-jdk17.0.15-win_x64\!/modules/java.naming/;C:\Users\91635\Downloads\zulu17.58.21-ca-fx-jdk17.0.15-win_x64\zulu17.58.21-ca-fx-jdk17.0.15-win_x64\!/modules/java.net.http/;C:\Users\91635\Downloads\zulu17.58.21-ca-fx-jdk17.0.15-win_x64\zulu17.58.21-ca-fx-jdk17.0.15-win_x64\!/modules/java.prefs/;C:\Users\91635\Downloads\zulu17.58.21-ca-fx-jdk17.0.15-win_x64\zulu17.58.21-ca-fx-jdk17.0.15-win_x64\!/modules/java.rmi/;C:\Users\91635\Downloads\zulu17.58.21-ca-fx-jdk17.0.15-win_x64\zulu17.58.21-ca-fx-jdk17.0.15-win_x64\!/modules/java.scripting/;C:\Users\91635\Downloads\zulu17.58.21-ca-fx-jdk17.0.15-win_x64\zulu17.58.21-ca-fx-jdk17.0.15-win_x64\!/modules/java.se/;C:\Users\91635\Downloads\zulu17.58.21-ca-fx-jdk17.0.15-win_x64\zulu17.58.21-ca-fx-jdk17.0.15-win_x64\!/modules/java.security.jgss/;C:\Users\91635\Downloads\zulu17.58.21-ca-fx-jdk17.0.15-win_x64\zulu17.58.21-ca-fx-jdk17.0.15-win_x64\!/modules/java.security.sasl/;C:\Users\91635\Downloads\zulu17.58.21-ca-fx-jdk17.0.15-win_x64\zulu17.58.21-ca-fx-jdk17.0.15-win_x64\!/modules/java.smartcardio/;C:\Users\91635\Downloads\zulu17.58.21-ca-fx-jdk17.0.15-win_x64\zulu17.58.21-ca-fx-jdk17.0.15-win_x64\!/modules/java.sql/;C:\Users\91635\Downloads\zulu17.58.21-ca-fx-jdk17.0.15-win_x64\zulu17.58.21-ca-fx-jdk17.0.15-win_x64\!/modules/java.sql.rowset/;C:\Users\91635\Downloads\zulu17.58.21-ca-fx-jdk17.0.15-win_x64\zulu17.58.21-ca-fx-jdk17.0.15-win_x64\!/modules/java.transaction.xa/;C:\Users\91635\Downloads\zulu17.58.21-ca-fx-jdk17.0.15-win_x64\zulu17.58.21-ca-fx-jdk17.0.15-win_x64\!/modules/java.xml/;C:\Users\91635\Downloads\zulu17.58.21-ca-fx-jdk17.0.15-win_x64\zulu17.58.21-ca-fx-jdk17.0.15-win_x64\!/modules/java.xml.crypto/;C:\Users\91635\Downloads\zulu17.58.21-ca-fx-jdk17.0.15-win_x64\zulu17.58.21-ca-fx-jdk17.0.15-win_x64\!/modules/javafx.base/;C:\Users\91635\Downloads\zulu17.58.21-ca-fx-jdk17.0.15-win_x64\zulu17.58.21-ca-fx-jdk17.0.15-win_x64\!/modules/javafx.controls/;C:\Users\91635\Downloads\zulu17.58.21-ca-fx-jdk17.0.15-win_x64\zulu17.58.21-ca-fx-jdk17.0.15-win_x64\!/modules/javafx.fxml/;C:\Users\91635\Downloads\zulu17.58.21-ca-fx-jdk17.0.15-win_x64\zulu17.58.21-ca-fx-jdk17.0.15-win_x64\!/modules/javafx.graphics/;C:\Users\91635\Downloads\zulu17.58.21-ca-fx-jdk17.0.15-win_x64\zulu17.58.21-ca-fx-jdk17.0.15-win_x64\!/modules/javafx.media/;C:\Users\91635\Downloads\zulu17.58.21-ca-fx-jdk17.0.15-win_x64\zulu17.58.21-ca-fx-jdk17.0.15-win_x64\!/modules/javafx.swing/;C:\Users\91635\Downloads\zulu17.58.21-ca-fx-jdk17.0.15-win_x64\zulu17.58.21-ca-fx-jdk17.0.15-win_x64\!/modules/javafx.web/;C:\Users\91635\Downloads\zulu17.58.21-ca-fx-jdk17.0.15-win_x64\zulu17.58.21-ca-fx-jdk17.0.15-win_x64\!/modules/jdk.accessibility/;C:\Users\91635\Downloads\zulu17.58.21-ca-fx-jdk17.0.15-win_x64\zulu17.58.21-ca-fx-jdk17.0.15-win_x64\!/modules/jdk.attach/;C:\Users\91635\Downloads\zulu17.58.21-ca-fx-jdk17.0.15-win_x64\zulu17.58.21-ca-fx-jdk17.0.15-win_x64\!/modules/jdk.charsets/;C:\Users\91635\Downloads\zulu17.58.21-ca-fx-jdk17.0.15-win_x64\zulu17.58.21-ca-fx-jdk17.0.15-win_x64\!/modules/jdk.compiler/;C:\Users\91635\Downloads\zulu17.58.21-ca-fx-jdk17.0.15-win_x64\zulu17.58.21-ca-fx-jdk17.0.15-win_x64\!/modules/jdk.crypto.cryptoki/;C:\Users\91635\Downloads\zulu17.58.21-ca-fx-jdk17.0.15-win_x64\zulu17.58.21-ca-fx-jdk17.0.15-win_x64\!/modules/jdk.crypto.ec/;C:\Users\91635\Downloads\zulu17.58.21-ca-fx-jdk17.0.15-win_x64\zulu17.58.21-ca-fx-jdk17.0.15-win_x64\!/modules/jdk.crypto.mscapi/;C:\Users\91635\Downloads\zulu17.58.21-ca-fx-jdk17.0.15-win_x64\zulu17.58.21-ca-fx-jdk17.0.15-win_x64\!/modules/jdk.dynalink/;C:\Users\91635\Downloads\zulu17.58.21-ca-fx-jdk17.0.15-win_x64\zulu17.58.21-ca-fx-jdk17.0.15-win_x64\!/modules/jdk.editpad/;C:\Users\91635\Downloads\zulu17.58.21-ca-fx-jdk17.0.15-win_x64\zulu17.58.21-ca-fx-jdk17.0.15-win_x64\!/modules/jdk.hotspot.agent/;C:\Users\91635\Downloads\zulu17.58.21-ca-fx-jdk17.0.15-win_x64\zulu17.58.21-ca-fx-jdk17.0.15-win_x64\!/modules/jdk.httpserver/;C:\Users\91635\Downloads\zulu17.58.21-ca-fx-jdk17.0.15-win_x64\zulu17.58.21-ca-fx-jdk17.0.15-win_x64\!/modules/jdk.incubator.foreign/;C:\Users\91635\Downloads\zulu17.58.21-ca-fx-jdk17.0.15-win_x64\zulu17.58.21-ca-fx-jdk17.0.15-win_x64\!/modules/jdk.incubator.vector/;C:\Users\91635\Downloads\zulu17.58.21-ca-fx-jdk17.0.15-win_x64\zulu17.58.21-ca-fx-jdk17.0.15-win_x64\!/modules/jdk.internal.ed/;C:\Users\91635\Downloads\zulu17.58.21-ca-fx-jdk17.0.15-win_x64\zulu17.58.21-ca-fx-jdk17.0.15-win_x64\!/modules/jdk.internal.jvmstat/;C:\Users\91635\Downloads\zulu17.58.21-ca-fx-jdk17.0.15-win_x64\zulu17.58.21-ca-fx-jdk17.0.15-win_x64\!/modules/jdk.internal.le/;C:\Users\91635\Downloads\zulu17.58.21-ca-fx-jdk17.0.15-win_x64\zulu17.58.21-ca-fx-jdk17.0.15-win_x64\!/modules/jdk.internal.opt/;C:\Users\91635\Downloads\zulu17.58.21-ca-fx-jdk17.0.15-win_x64\zulu17.58.21-ca-fx-jdk17.0.15-win_x64\!/modules/jdk.internal.vm.ci/;C:\Users\91635\Downloads\zulu17.58.21-ca-fx-jdk17.0.15-win_x64\zulu17.58.21-ca-fx-jdk17.0.15-win_x64\!/modules/jdk.internal.vm.compiler/;C:\Users\91635\Downloads\zulu17.58.21-ca-fx-jdk17.0.15-win_x64\zulu17.58.21-ca-fx-jdk17.0.15-win_x64\!/modules/jdk.internal.vm.compiler.management/;C:\Users\91635\Downloads\zulu17.58.21-ca-fx-jdk17.0.15-win_x64\zulu17.58.21-ca-fx-jdk17.0.15-win_x64\!/modules/jdk.jartool/;C:\Users\91635\Downloads\zulu17.58.21-ca-fx-jdk17.0.15-win_x64\zulu17.58.21-ca-fx-jdk17.0.15-win_x64\!/modules/jdk.javadoc/;C:\Users\91635\Downloads\zulu17.58.21-ca-fx-jdk17.0.15-win_x64\zulu17.58.21-ca-fx-jdk17.0.15-win_x64\!/modules/jdk.jcmd/;C:\Users\91635\Downloads\zulu17.58.21-ca-fx-jdk17.0.15-win_x64\zulu17.58.21-ca-fx-jdk17.0.15-win_x64\!/modules/jdk.jconsole/;C:\Users\91635\Downloads\zulu17.58.21-ca-fx-jdk17.0.15-win_x64\zulu17.58.21-ca-fx-jdk17.0.15-win_x64\!/modules/jdk.jdeps/;C:\Users\91635\Downloads\zulu17.58.21-ca-fx-jdk17.0.15-win_x64\zulu17.58.21-ca-fx-jdk17.0.15-win_x64\!/modules/jdk.jdi/;C:\Users\91635\Downloads\zulu17.58.21-ca-fx-jdk17.0.15-win_x64\zulu17.58.21-ca-fx-jdk17.0.15-win_x64\!/modules/jdk.jdwp.agent/;C:\Users\91635\Downloads\zulu17.58.21-ca-fx-jdk17.0.15-win_x64\zulu17.58.21-ca-fx-jdk17.0.15-win_x64\!/modules/jdk.jfr/;C:\Users\91635\Downloads\zulu17.58.21-ca-fx-jdk17.0.15-win_x64\zulu17.58.21-ca-fx-jdk17.0.15-win_x64\!/modules/jdk.jlink/;C:\Users\91635\Downloads\zulu17.58.21-ca-fx-jdk17.0.15-win_x64\zulu17.58.21-ca-fx-jdk17.0.15-win_x64\!/modules/jdk.jpackage/;C:\Users\91635\Downloads\zulu17.58.21-ca-fx-jdk17.0.15-win_x64\zulu17.58.21-ca-fx-jdk17.0.15-win_x64\!/modules/jdk.jshell/;C:\Users\91635\Downloads\zulu17.58.21-ca-fx-jdk17.0.15-win_x64\zulu17.58.21-ca-fx-jdk17.0.15-win_x64\!/modules/jdk.jsobject/;C:\Users\91635\Downloads\zulu17.58.21-ca-fx-jdk17.0.15-win_x64\zulu17.58.21-ca-fx-jdk17.0.15-win_x64\!/modules/jdk.jstatd/;C:\Users\91635\Downloads\zulu17.58.21-ca-fx-jdk17.0.15-win_x64\zulu17.58.21-ca-fx-jdk17.0.15-win_x64\!/modules/jdk.localedata/;C:\Users\91635\Downloads\zulu17.58.21-ca-fx-jdk17.0.15-win_x64\zulu17.58.21-ca-fx-jdk17.0.15-win_x64\!/modules/jdk.management/;C:\Users\91635\Downloads\zulu17.58.21-ca-fx-jdk17.0.15-win_x64\zulu17.58.21-ca-fx-jdk17.0.15-win_x64\!/modules/jdk.management.agent/;C:\Users\91635\Downloads\zulu17.58.21-ca-fx-jdk17.0.15-win_x64\zulu17.58.21-ca-fx-jdk17.0.15-win_x64\!/modules/jdk.management.jfr/;C:\Users\91635\Downloads\zulu17.58.21-ca-fx-jdk17.0.15-win_x64\zulu17.58.21-ca-fx-jdk17.0.15-win_x64\!/modules/jdk.naming.dns/;C:\Users\91635\Downloads\zulu17.58.21-ca-fx-jdk17.0.15-win_x64\zulu17.58.21-ca-fx-jdk17.0.15-win_x64\!/modules/jdk.naming.rmi/;C:\Users\91635\Downloads\zulu17.58.21-ca-fx-jdk17.0.15-win_x64\zulu17.58.21-ca-fx-jdk17.0.15-win_x64\!/modules/jdk.net/;C:\Users\91635\Downloads\zulu17.58.21-ca-fx-jdk17.0.15-win_x64\zulu17.58.21-ca-fx-jdk17.0.15-win_x64\!/modules/jdk.nio.mapmode/;C:\Users\91635\Downloads\zulu17.58.21-ca-fx-jdk17.0.15-win_x64\zulu17.58.21-ca-fx-jdk17.0.15-win_x64\!/modules/jdk.random/;C:\Users\91635\Downloads\zulu17.58.21-ca-fx-jdk17.0.15-win_x64\zulu17.58.21-ca-fx-jdk17.0.15-win_x64\!/modules/jdk.sctp/;C:\Users\91635\Downloads\zulu17.58.21-ca-fx-jdk17.0.15-win_x64\zulu17.58.21-ca-fx-jdk17.0.15-win_x64\!/modules/jdk.security.auth/;C:\Users\91635\Downloads\zulu17.58.21-ca-fx-jdk17.0.15-win_x64\zulu17.58.21-ca-fx-jdk17.0.15-win_x64\!/modules/jdk.security.jgss/;C:\Users\91635\Downloads\zulu17.58.21-ca-fx-jdk17.0.15-win_x64\zulu17.58.21-ca-fx-jdk17.0.15-win_x64\!/modules/jdk.unsupported/;C:\Users\91635\Downloads\zulu17.58.21-ca-fx-jdk17.0.15-win_x64\zulu17.58.21-ca-fx-jdk17.0.15-win_x64\!/modules/jdk.unsupported.desktop/;C:\Users\91635\Downloads\zulu17.58.21-ca-fx-jdk17.0.15-win_x64\zulu17.58.21-ca-fx-jdk17.0.15-win_x64\!/modules/jdk.xml.dom/;C:\Users\91635\Downloads\zulu17.58.21-ca-fx-jdk17.0.15-win_x64\zulu17.58.21-ca-fx-jdk17.0.15-win_x64\!/modules/jdk.zipfs/" />
    <property name="application.vendor" value="91635" />
    <property name="test.binaryincludes" value="&lt;nothing&gt;" />
    <property name="manifest.available" value="true" />
    <property name="libs.primefaces.javadoc" value="" />
    <property name="libs.jakartaee-web-api-10.0.maven-pom" value="" />
    <property name="run.test.classpath" value="C:\Users\91635\Downloads\mysql-connector-j-9.3.0\mysql-connector-j-9.3.0\mysql-connector-j-9.3.0.jar:build/classes:C:\Program Files\NetBeans-25\netbeans\platform\modules\ext\junit-4.13.2.jar:C:\Program Files\NetBeans-25\netbeans\platform\modules\ext\hamcrest-core-1.3.jar:build/test/classes" />
    <property name="ant.project.invoked-targets" value="test" />
    <property name="test.binaryexcludes" value="" />
    <property name="sun.java2d.dpiaware" value="true" />
    <property name="libs.PostgreSQLDriver.maven-pom" value="" />
    <property name="java.class.version" value="52.0" />
    <property name="libs.javaee-endorsed-api-6.0.src" value="" />
    <property name="libs.JavaFX24.maven-pom" value="" />
    <property name="libs.eclipselink.javadoc" value="C:\Program Files\NetBeans-25\netbeans\java\modules\ext\docs\jakarta.persistence-2.2.3-doc.zip" />
    <property name="platforms.JDK_1.8.compiler" value="modern" />
    <property name="libs.jsp-compilation.maven-pom" value="" />
    <property name="user.properties.file" value="C:\Users\91635\AppData\Roaming\NetBeans\25\build.properties" />
    <property name="runtime.encoding" value="UTF-8" />
    <property name="javafx.rebase.libs" value="false" />
    <property name="file.encoding.pkg" value="sun.io" />
    <property name="sun.cpu.endian" value="little" />
    <property name="libs.JAXB-ENDORSED.javadoc" value="" />
    <property name="libs.JWSAntTasks.classpath" value="C:\Program Files\NetBeans-25\netbeans\java\ant\extra\org-netbeans-modules-javawebstart-anttasks.jar" />
    <property name="libs.jstl.src" value="" />
    <property name="org.apache.commons.logging.LogFactory" value="org.apache.commons.logging.impl.LogFactoryImpl" />
    <property name="empty.dir" value="C:\Users\91635\Documents\NetBeansProjects\DisasterResponseSystem\build\empty" />
    <property name="javafx.deploy.backgroundupdate" value="false" />
    <property name="javafx.disable.concurrent.runs" value="false" />
    <property name="test.binarytestincludes" value="" />
    <property name="platforms.JDK_17.home" value="C:\Users\91635\Downloads\zulu17.58.21-ca-fx-jdk17.0.15-win_x64\zulu17.58.21-ca-fx-jdk17.0.15-win_x64" />
    <property name="javafx.preloader.jar.path" value="" />
    <property name="javadoc.preview" value="true" />
    <property name="libs.jpa20-persistence.javadoc" value="C:\Program Files\NetBeans-25\netbeans\java\modules\ext\docs\jakarta.persistence-2.2.3-doc.zip" />
    <property name="java.home" value="C:\Users\91635\Downloads\zulu8.86.0.25-ca-fx-jdk8.0.452-win_x64\zulu8.86.0.25-ca-fx-jdk8.0.452-win_x64\jre" />
    <property name="libs.jsp-compilation.src" value="" />
    <property name="libs.jakartaee-web-api-8.0.javadoc" value="C:\Program Files\NetBeans-25\netbeans\enterprise\docs\jakartaee8-doc-api.jar" />
    <property name="debug.test.classpath" value="C:\Users\91635\Downloads\mysql-connector-j-9.3.0\mysql-connector-j-9.3.0\mysql-connector-j-9.3.0.jar:build/classes:C:\Program Files\NetBeans-25\netbeans\platform\modules\ext\junit-4.13.2.jar:C:\Program Files\NetBeans-25\netbeans\platform\modules\ext\hamcrest-core-1.3.jar:build/test/classes" />
    <property name="libs.javaee-endorsed-api-6.0.classpath" value="C:\Program Files\NetBeans-25\netbeans\enterprise\modules\ext\javaee6-endorsed\javax.annotation.jar;C:\Program Files\NetBeans-25\netbeans\enterprise\modules\ext\javaee6-endorsed\jaxb-api-osgi.jar;C:\Program Files\NetBeans-25\netbeans\enterprise\modules\ext\javaee6-endorsed\webservices-api-osgi.jar" />
    <property name="libs.javaee-api-6.0.src" value="" />
    <property name="netbeans.importclass" value="org.netbeans.upgrade.AutoUpgrade" />
    <property name="ant.project.default-target" value="default" />
    <property name="annotation.processing.run.all.processors" value="true" />
    <property name="jna.nosys" value="false" />
    <property name="libs.jakartaee-web-api-11.0.src" value="" />
    <property name="jar.archive.disabled" value="true" />
    <property name="libs.jakartaee-web-api-10.0.javadoc" value="C:\Program Files\NetBeans-25\netbeans\enterprise\docs\jakartaee10-doc-api.jar" />
    <property name="libs.graal.javadoc" value="" />
    <property name="libs.PostgreSQLDriver.javadoc" value="" />
    <property name="libs.restlib.classpath" value="C:\Program Files\NetBeans-25\netbeans\enterprise\modules\ext\jersey2\jakarta.annotation-api-2.1.1.jar;C:\Program Files\NetBeans-25\netbeans\enterprise\modules\ext\jersey2\jakarta.persistence-api-2.2.3.jar;C:\Program Files\NetBeans-25\netbeans\enterprise\modules\ext\jersey2\jakarta.servlet-api-4.0.4.jar;C:\Program Files\NetBeans-25\netbeans\enterprise\modules\ext\jersey2\jakarta.validation-api-2.0.2.jar;C:\Program Files\NetBeans-25\netbeans\enterprise\modules\ext\jersey2\jakarta.xml.bind-api-2.3.3.jar;C:\Program Files\NetBeans-25\netbeans\enterprise\modules\ext\jersey2\jersey-client-2.35.jar;C:\Program Files\NetBeans-25\netbeans\enterprise\modules\ext\jersey2\jersey-common-2.35.jar;C:\Program Files\NetBeans-25\netbeans\enterprise\modules\ext\jersey2\jersey-server-2.35.jar;C:\Program Files\NetBeans-25\netbeans\enterprise\modules\ext\jersey2\jersey-entity-filtering-2.35.jar;C:\Program Files\NetBeans-25\netbeans\enterprise\modules\ext\jersey2\jersey-hk2-2.35.jar;C:\Program Files\NetBeans-25\netbeans\enterprise\modules\ext\jersey2\jersey-media-moxy-2.35.jar;C:\Program Files\NetBeans-25\netbeans\enterprise\modules\ext\jersey2\jersey-container-servlet-2.35.jar;C:\Program Files\NetBeans-25\netbeans\enterprise\modules\ext\jersey2\jersey-container-servlet-core-2.35.jar;C:\Program Files\NetBeans-25\netbeans\enterprise\modules\ext\jersey2\hk2-api-2.6.1.jar;C:\Program Files\NetBeans-25\netbeans\enterprise\modules\ext\jersey2\hk2-locator-2.6.1.jar;C:\Program Files\NetBeans-25\netbeans\enterprise\modules\ext\jersey2\hk2-utils-2.6.1.jar;C:\Program Files\NetBeans-25\netbeans\platform\modules\ext\jersey2\jakarta.inject-2.6.1.jar;C:\Program Files\NetBeans-25\netbeans\enterprise\modules\ext\jersey2\aopalliance-repackaged-2.6.1.jar;C:\Program Files\NetBeans-25\netbeans\enterprise\modules\ext\jersey2\osgi.core-8.0.0.jar;C:\Program Files\NetBeans-25\netbeans\enterprise\modules\ext\jersey2\osgi-resource-locator-1.0.3.jar;C:\Program Files\NetBeans-25\netbeans\java\modules\ext\eclipselink\org.eclipse.persistence.core-2.7.12.jar;C:\Program Files\NetBeans-25\netbeans\java\modules\ext\eclipselink\org.eclipse.persistence.asm-9.4.0.jar;C:\Program Files\NetBeans-25\netbeans\java\modules\ext\eclipselink\org.eclipse.persistence.antlr-2.7.12.jar;C:\Program Files\NetBeans-25\netbeans\java\modules\ext\eclipselink\org.eclipse.persistence.jpa-2.7.12.jar;C:\Program Files\NetBeans-25\netbeans\java\modules\ext\eclipselink\org.eclipse.persistence.jpa.jpql-2.7.12.jar;C:\Program Files\NetBeans-25\netbeans\java\modules\ext\eclipselink\org.eclipse.persistence.moxy-2.7.12.jar" />
    <property name="javafx.main.class" value="disasterresponsesystem.MainApp" />
    <property name="netbeans.extbrowser.manual_chrome_plugin_install" value="yes" />
    <property name="libs.jakartaee-api-9.0.classpath" value="C:\Program Files\NetBeans-25\netbeans\enterprise\modules\ext\jakarta.jakartaee-api-9.0.0.jar" />
    <property name="javafx.application.implementation.version" value="1.0" />
    <property name="libs.junit_4.javadoc" value="C:\Program Files\NetBeans-25\netbeans\platform\docs\junit-4.13.2-javadoc.jar" />
    <property name="platforms.JDK_1.8.bootclasspath" value="C:\Users\91635\Downloads\zulu8.86.0.25-ca-fx-jdk8.0.452-win_x64\zulu8.86.0.25-ca-fx-jdk8.0.452-win_x64\jre\lib\resources.jar;C:\Users\91635\Downloads\zulu8.86.0.25-ca-fx-jdk8.0.452-win_x64\zulu8.86.0.25-ca-fx-jdk8.0.452-win_x64\jre\lib\rt.jar;C:\Users\91635\Downloads\zulu8.86.0.25-ca-fx-jdk8.0.452-win_x64\zulu8.86.0.25-ca-fx-jdk8.0.452-win_x64\jre\lib\sunrsasign.jar;C:\Users\91635\Downloads\zulu8.86.0.25-ca-fx-jdk8.0.452-win_x64\zulu8.86.0.25-ca-fx-jdk8.0.452-win_x64\jre\lib\jsse.jar;C:\Users\91635\Downloads\zulu8.86.0.25-ca-fx-jdk8.0.452-win_x64\zulu8.86.0.25-ca-fx-jdk8.0.452-win_x64\jre\lib\jce.jar;C:\Users\91635\Downloads\zulu8.86.0.25-ca-fx-jdk8.0.452-win_x64\zulu8.86.0.25-ca-fx-jdk8.0.452-win_x64\jre\lib\charsets.jar;C:\Users\91635\Downloads\zulu8.86.0.25-ca-fx-jdk8.0.452-win_x64\zulu8.86.0.25-ca-fx-jdk8.0.452-win_x64\jre\lib\jfr.jar;C:\Users\91635\Downloads\zulu8.86.0.25-ca-fx-jdk8.0.452-win_x64\zulu8.86.0.25-ca-fx-jdk8.0.452-win_x64\jre\lib\cat.jar;C:\Users\91635\Downloads\zulu8.86.0.25-ca-fx-jdk8.0.452-win_x64\zulu8.86.0.25-ca-fx-jdk8.0.452-win_x64\jre\classes;C:\Users\91635\Downloads\zulu8.86.0.25-ca-fx-jdk8.0.452-win_x64\zulu8.86.0.25-ca-fx-jdk8.0.452-win_x64\jre\lib\ext\access-bridge-64.jar;C:\Users\91635\Downloads\zulu8.86.0.25-ca-fx-jdk8.0.452-win_x64\zulu8.86.0.25-ca-fx-jdk8.0.452-win_x64\jre\lib\ext\cldrdata.jar;C:\Users\91635\Downloads\zulu8.86.0.25-ca-fx-jdk8.0.452-win_x64\zulu8.86.0.25-ca-fx-jdk8.0.452-win_x64\jre\lib\ext\crs-agent.jar;C:\Users\91635\Downloads\zulu8.86.0.25-ca-fx-jdk8.0.452-win_x64\zulu8.86.0.25-ca-fx-jdk8.0.452-win_x64\jre\lib\ext\dnsns.jar;C:\Users\91635\Downloads\zulu8.86.0.25-ca-fx-jdk8.0.452-win_x64\zulu8.86.0.25-ca-fx-jdk8.0.452-win_x64\jre\lib\ext\jaccess.jar;C:\Users\91635\Downloads\zulu8.86.0.25-ca-fx-jdk8.0.452-win_x64\zulu8.86.0.25-ca-fx-jdk8.0.452-win_x64\jre\lib\ext\jfxrt.jar;C:\Users\91635\Downloads\zulu8.86.0.25-ca-fx-jdk8.0.452-win_x64\zulu8.86.0.25-ca-fx-jdk8.0.452-win_x64\jre\lib\ext\localedata.jar;C:\Users\91635\Downloads\zulu8.86.0.25-ca-fx-jdk8.0.452-win_x64\zulu8.86.0.25-ca-fx-jdk8.0.452-win_x64\jre\lib\ext\nashorn.jar;C:\Users\91635\Downloads\zulu8.86.0.25-ca-fx-jdk8.0.452-win_x64\zulu8.86.0.25-ca-fx-jdk8.0.452-win_x64\jre\lib\ext\sunec.jar;C:\Users\91635\Downloads\zulu8.86.0.25-ca-fx-jdk8.0.452-win_x64\zulu8.86.0.25-ca-fx-jdk8.0.452-win_x64\jre\lib\ext\sunjce_provider.jar;C:\Users\91635\Downloads\zulu8.86.0.25-ca-fx-jdk8.0.452-win_x64\zulu8.86.0.25-ca-fx-jdk8.0.452-win_x64\jre\lib\ext\sunmscapi.jar;C:\Users\91635\Downloads\zulu8.86.0.25-ca-fx-jdk8.0.452-win_x64\zulu8.86.0.25-ca-fx-jdk8.0.452-win_x64\jre\lib\ext\sunpkcs11.jar;C:\Users\91635\Downloads\zulu8.86.0.25-ca-fx-jdk8.0.452-win_x64\zulu8.86.0.25-ca-fx-jdk8.0.452-win_x64\jre\lib\ext\zipfs.jar" />
    <property name="javac.test.modulepath" value="C:\Program Files\NetBeans-25\netbeans\platform\modules\ext\junit-4.13.2.jar" />
    <property name="libs.javaee-web-api-6.0.maven-pom" value="" />
    <property name="libs.JavaFX24.javadoc" value="" />
    <property name="run.classpath" value="dist/DisasterResponseSystem.jar:C:\Users\91635\Downloads\mysql-connector-j-9.3.0\mysql-connector-j-9.3.0\mysql-connector-j-9.3.0.jar:build/classes" />
    <property name="endorsed.javafx.ant.classpath" value="." />
    <property name="jna.boot.library.name" value="jnidispatch-nb" />
    <property name="libs.javaee-endorsed-api-6.0.javadoc" value="C:\Program Files\NetBeans-25\netbeans\enterprise\docs\javaee-doc-api.jar" />
    <property name="libs.javaee-api-7.0.classpath" value="C:\Program Files\NetBeans-25\netbeans\enterprise\modules\ext\javaee-api-7.0.jar" />
    <property name="sun.awt.datatransfer.timeout" value="1000" />
    <property name="libs.jakartaee-api-9.0.src" value="" />
    <property name="annotation.processing.enabled.in.editor" value="false" />
    <property name="libs.jakartaee-api-11.0.javadoc" value="C:\Program Files\NetBeans-25\netbeans\enterprise\docs\jakartaee11-doc-api.jar" />
    <property name="nb.native.filechooser" value="false" />
    <property name="libs.restapi.src" value="" />
    <property name="sun.management.compiler" value="HotSpot 64-Bit Tiered Compilers" />
    <property name="javac.deprecation" value="false" />
    <property name="javadoc.use" value="true" />
    <property name="sun.java2d.noddraw" value="true" />
    <property name="libs.jsp-compiler.classpath" value="C:\Program Files\NetBeans-25\netbeans\enterprise\ant\extra\jspcompile.jar" />
    <property name="javac.processorpath" value="C:\Users\91635\Downloads\mysql-connector-j-9.3.0\mysql-connector-j-9.3.0\mysql-connector-j-9.3.0.jar" />
    <property name="libs.hamcrest.maven-pom" value="" />
    <property name="libs.junit_5.classpath" value="C:\Program Files\NetBeans-25\netbeans\platform\modules\ext\junit-jupiter-api-5.10.3.jar;C:\Program Files\NetBeans-25\netbeans\platform\modules\ext\junit-jupiter-params-5.10.3.jar;C:\Program Files\NetBeans-25\netbeans\platform\modules\ext\junit-jupiter-engine-5.10.3.jar" />
    <property name="javac.compilerargs" value="" />
    <property name="ant.file" value="C:\Users\91635\Documents\NetBeansProjects\DisasterResponseSystem\build.xml" />
    <property name="libs.jstl.maven-pom" value="" />
    <property name="libs.restapi.maven-pom" value="" />
    <property name="TopSecurityManager.disable" value="true" />
    <property name="javafx.signing.type" value="notsigned" />
    <property name="java.vm.specification.vendor" value="Oracle Corporation" />
    <property name="org.openide.major.version" value="IDE/1" />
    <property name="java.vm.name" value="OpenJDK 64-Bit Server VM" />
    <property name="javafx.preloader.jar.filename" value="" />
    <property name="netbeans.user" value="C:\Users\91635\AppData\Roaming\NetBeans\25" />
    <property name="javadoc.additionalparam" value="" />
    <property name="java.io.tmpdir" value="C:\Users\91635\AppData\Local\Temp\" />
    <property name="javafx.run.inbrowser.path" value="C:\Program Files\Internet Explorer\IEXPLORE.EXE" />
    <property name="java.vendor.url" value="http://www.azul.com/" />
    <property name="endorsed.classpath.cmd.line.arg" value="" />
    <property name="jna.loaded" value="true" />
    <property name="junit.available" value="true" />
    <property name="libs.javaee-web-api-8.0.classpath" value="C:\Program Files\NetBeans-25\netbeans\enterprise\modules\ext\javaee-web-api-8.0.jar" />
    <property name="do.jlink" value="false" />
    <property name="libs.jakartaee-api-9.0.javadoc" value="C:\Program Files\NetBeans-25\netbeans\enterprise\docs\jakartaee9-doc-api.jar" />
    <property name="libs.jsp-compiler.src" value="" />
    <property name="libs.jakartaee-web-api-9.0.classpath" value="C:\Program Files\NetBeans-25\netbeans\enterprise\modules\ext\jakarta.jakartaee-web-api-9.0.0.jar" />
    <property name="sun.boot.library.path" value="C:\Users\91635\Downloads\zulu8.86.0.25-ca-fx-jdk8.0.452-win_x64\zulu8.86.0.25-ca-fx-jdk8.0.452-win_x64\jre\bin" />
    <property name="have.sources" value="true" />
    <property name="libs.graaljs.classpath" value="C:\Program Files\NetBeans-25\netbeans\webcommon\modules\ext\js-launcher-24.0.0.jar;C:\Program Files\NetBeans-25\netbeans\webcommon\modules\ext\js-language-24.0.0.jar;C:\Program Files\NetBeans-25\netbeans\webcommon\modules\ext\js-scriptengine-24.0.0.jar;C:\Program Files\NetBeans-25\netbeans\webcommon\modules\ext\regex-24.0.0.jar;C:\Program Files\NetBeans-25\netbeans\webcommon\modules\ext\icu4j-24.0.0.jar;C:\Program Files\NetBeans-25\netbeans\ide\modules\ext\collections-24.0.0.jar;C:\Program Files\NetBeans-25\netbeans\ide\modules\ext\jline-24.0.0.jar;C:\Program Files\NetBeans-25\netbeans\ide\modules\ext\jniutils-24.0.0.jar;C:\Program Files\NetBeans-25\netbeans\ide\modules\ext\launcher-common-24.0.0.jar;C:\Program Files\NetBeans-25\netbeans\ide\modules\ext\nativeimage-24.0.0.jar;C:\Program Files\NetBeans-25\netbeans\ide\modules\ext\polyglot-24.0.0.jar;C:\Program Files\NetBeans-25\netbeans\ide\modules\ext\word-24.0.0.jar;C:\Program Files\NetBeans-25\netbeans\ide\modules\ext\truffle-api-24.0.0.jar;C:\Program Files\NetBeans-25\netbeans\ide\modules\ext\truffle-compiler-24.0.0.jar;C:\Program Files\NetBeans-25\netbeans\ide\modules\ext\truffle-runtime-24.0.0.jar" />
    <property name="libs.hamcrest.javadoc" value="" />
    <property name="debug.classpath" value="dist/DisasterResponseSystem.jar:C:\Users\91635\Downloads\mysql-connector-j-9.3.0\mysql-connector-j-9.3.0\mysql-connector-j-9.3.0.jar:build/classes" />
    <property name="javac.external.vm" value="false" />
    <property name="javadoc.private" value="false" />
    <property name="libs.jakartaee-api-8.0.src" value="" />
    <property name="test.src.dir" value="test" />
    <property name="libs.jakartaee-web-api-9.0.src" value="" />
    <property name="libs.jsf20.classpath" value="C:\Program Files\NetBeans-25\netbeans\enterprise\modules\ext\jsf-2_2\javax.faces.jar" />
    <property name="ap.processors.internal" value="" />
    <property name="libs.javaee-api-8.0.javadoc" value="C:\Program Files\NetBeans-25\netbeans\enterprise\docs\javaee-doc-api.jar" />
    <property name="meta.inf.dir" value="src/META-INF" />
    <property name="javadoc.encoding.used" value="UTF-8" />
    <property name="libs.jakartaee-web-api-11.0.maven-pom" value="" />
    <property name="dist.jar" value="dist/DisasterResponseSystem.jar" />
    <property name="java.runtime.name" value="OpenJDK Runtime Environment" />
    <property name="libs.graal.classpath" value="C:\Users\91635\Downloads\graalvm-jdk-17.0.12_windows-x64_bin\graalvm-jdk-17.0.12+8.1\lib" />
    <property name="debug.test.modulepath" value="C:\Program Files\NetBeans-25\netbeans\platform\modules\ext\junit-4.13.2.jar:C:\Program Files\NetBeans-25\netbeans\platform\modules\ext\junit-jupiter-api-5.10.3.jar;C:\Program Files\NetBeans-25\netbeans\platform\modules\ext\junit-jupiter-params-5.10.3.jar;C:\Program Files\NetBeans-25\netbeans\platform\modules\ext\junit-jupiter-engine-5.10.3.jar" />
    <property name="ant.project.name" value="DisasterResponseSystem" />
    <property name="libs.spring-webmvc5.0.src" value="" />
    <property name="flatlaf.updateUIOnSystemFontChange" value="false" />
    <property name="netbeans.hash.code" value="unique=NB_EXTIDE_JAVA_PHP_WEBCOMMON_WEBEE0d922ba5f-6846-4c37-bab9-66f42192100e_cb632e95-1592-4e31-aed8-c583d1f9dcf1" />
    <property name="platform.javadoc" value="C:\Users\91635\Downloads\zulu8.86.0.25-ca-fx-jdk8.0.452-win_x64\zulu8.86.0.25-ca-fx-jdk8.0.452-win_x64/bin/javadoc" />
    <property name="libs.jsp-compilation-syscp.maven-pom" value="" />
    <property name="netbeans.default_userdir_root" value="C:\Users\91635\AppData\Roaming\NetBeans" />
    <property name="platform.javadoc.tmp" value="${platforms.JDK_1.8.javadoc}" />
    <property name="sun.cpu.isalist" value="amd64" />
    <property name="libs.jakartaee-web-api-8.0.classpath" value="C:\Program Files\NetBeans-25\netbeans\enterprise\modules\ext\jakarta.jakartaee-web-api-8.0.0.jar" />
    <property name="libs.CopyLibs.javadoc" value="" />
    <property name="platform.compiler" value="${platforms.JDK_1.8.compile}" />
    <property name="libs.jakartaee-api-8.0.maven-pom" value="" />
    <property name="javadoc.html5" value="false" />
    <property name="org.openide.specification.version" value="6.2" />
    <property name="libs.JavaFX24.src" value="" />
    <property name="user.home" value="C:\Users\91635" />
    <property name="annotation.processing.processors.list" value="" />
    <property name="libs.primefaces.maven-pom" value="" />
    <property name="libs.javaee-api-6.0.maven-pom" value="" />
    <property name="platform.javac.tmp" value="${platforms.JDK_1.8.javac}" />
    <property name="libs.JWSAntTasks.src" value="" />
    <property name="libs.CopyLibs.maven-pom" value="" />
    <property name="jar.index" value="false" />
    <property name="libs.absolutelayout.javadoc" value="" />
    <property name="guice.disable.misplaced.annotation.check" value="true" />
    <property name="java.specification.name" value="Java Platform API Specification" />
    <property name="jlink.strip" value="false" />
    <property name="libs.spring-webmvc5.0.maven-pom" value="" />
    <property name="java.specification.vendor" value="Oracle Corporation" />
    <property name="java.version" value="1.8.0_452" />
    <property name="run.jvmargs.ide" value="" />
    <property name="javadoc.version" value="false" />
    <property name="javac.processormodulepath" value="" />
    <property name="org.openide.version" value="deprecated" />
    <property name="platform.java" value="C:\Users\91635\Downloads\zulu8.86.0.25-ca-fx-jdk8.0.452-win_x64\zulu8.86.0.25-ca-fx-jdk8.0.452-win_x64/bin/java" />
    <property name="source.encoding" value="UTF-8" />
    <property name="ap.cmd.line.internal" value="" />
    <property name="java.vm.compressedOopsMode" value="32-bit" />
    <property name="libs.eclipselinkmodelgen.maven-pom" value="" />
    <property name="libs.jsp-compilation-syscp.javadoc" value="" />
    <property name="libs.javaee-web-api-8.0.src" value="" />
    <property name="ant.file.type.jfx-impl" value="file" />
    <property name="libs.javaee-endorsed-api-7.0.classpath" value="C:\Program Files\NetBeans-25\netbeans\enterprise\modules\ext\javaee7-endorsed\javax.annotation-api.jar;C:\Program Files\NetBeans-25\netbeans\enterprise\modules\ext\javaee7-endorsed\javax.xml.soap-api.jar;C:\Program Files\NetBeans-25\netbeans\enterprise\modules\ext\javaee7-endorsed\jaxb-api-osgi.jar;C:\Program Files\NetBeans-25\netbeans\enterprise\modules\ext\javaee7-endorsed\jaxws-api.jar;C:\Program Files\NetBeans-25\netbeans\enterprise\modules\ext\javaee7-endorsed\jsr181-api.jar" />
    <property name="libs.eclipselinkmodelgen.javadoc" value="" />
    <property name="file.reference.mysql-connector-j-9.3.0.jar" value="C:\Users\91635\Downloads\mysql-connector-j-9.3.0\mysql-connector-j-9.3.0\mysql-connector-j-9.3.0.jar" />
    <property name="libs.metro.javadoc" value="C:\Program Files\NetBeans-25\netbeans\enterprise\docs\webservices-api-javadoc.jar;C:\Program Files\NetBeans-25\netbeans\enterprise\docs\webservices-extra-javadoc.jar;C:\Program Files\NetBeans-25\netbeans\enterprise\docs\webservices-extra-api-javadoc.jar;C:\Program Files\NetBeans-25\netbeans\enterprise\docs\webservices-rt-javadoc.jar;C:\Program Files\NetBeans-25\netbeans\enterprise\docs\webservices-tools-javadoc.jar" />
    <property name="ant.file.jfx-impl" value="C:\Users\91635\Documents\NetBeansProjects\DisasterResponseSystem\nbproject\jfx-impl.xml" />
    <property name="netbeans.home+have.tests" value="true" />
    <property name="annotation.processing.processor.options" value="" />
    <property name="javafx.deploy.adddesktopshortcut" value="false" />
    <property name="libs.testng.maven-pom" value="" />
    <property name="libs.jaxb.src" value="" />
    <property name="work.dir" value="C:\Users\91635\Documents\NetBeansProjects\DisasterResponseSystem" />
    <property name="compile.on.save.unsupported.javafx" value="true" />
    <property name="libs.jaxb.classpath" value="C:\Program Files\NetBeans-25\netbeans\ide\modules\ext\jaxb\jaxb-impl.jar;C:\Program Files\NetBeans-25\netbeans\ide\modules\ext\jaxb\jaxb-xjc.jar;C:\Program Files\NetBeans-25\netbeans\ide\modules\ext\jaxb\activation.jar;C:\Program Files\NetBeans-25\netbeans\ide\modules\ext\jaxb\api\jaxb-api.jar" />
    <property name="org.apache.commons.logging.Log" value="org.apache.commons.logging.impl.Jdk14Logger" />
    <property name="ant.file.type.DisasterResponseSystem" value="file" />
    <property name="libs.jakartaee-api-10.0.maven-pom" value="" />
    <property name="do.depend" value="false" />
    <property name="dist.javadoc.dir" value="dist/javadoc" />
    <property name="libs.javaee-web-api-7.0.maven-pom" value="" />
    <property name="libs.restlib.src" value="" />
    <property name="build.generated.dir" value="build/generated" />
    <property name="javac.source" value="1.8" />
    <property name="java.version.date" value="2024-07-16" />
    <property name="javafx.fallback.class" value="com.javafx.main.NoJavaFXFallback" />
    <property name="libs.javaee-api-8.0.classpath" value="C:\Program Files\NetBeans-25\netbeans\enterprise\modules\ext\javaee-api-8.0.jar" />
    <property name="line.separator" value="&#xd;&#xa;" />
    <property name="java.specification.version" value="1.8" />
    <property name="libs.jaxws21.maven-pom" value="" />
    <property name="java.vm.info" value="mixed mode" />
    <property name="nb.junit.batch" value="true" />
    <property name="junit.forkmode" value="perTest" />
    <property name="libs.graal.src" value="" />
    <property name="platform.java.tmp" value="${platforms.JDK_1.8.java}" />
    <property name="sun.boot.class.path" value="C:\Users\91635\Downloads\zulu8.86.0.25-ca-fx-jdk8.0.452-win_x64\zulu8.86.0.25-ca-fx-jdk8.0.452-win_x64\jre\lib\resources.jar;C:\Users\91635\Downloads\zulu8.86.0.25-ca-fx-jdk8.0.452-win_x64\zulu8.86.0.25-ca-fx-jdk8.0.452-win_x64\jre\lib\rt.jar;C:\Users\91635\Downloads\zulu8.86.0.25-ca-fx-jdk8.0.452-win_x64\zulu8.86.0.25-ca-fx-jdk8.0.452-win_x64\jre\lib\sunrsasign.jar;C:\Users\91635\Downloads\zulu8.86.0.25-ca-fx-jdk8.0.452-win_x64\zulu8.86.0.25-ca-fx-jdk8.0.452-win_x64\jre\lib\jsse.jar;C:\Users\91635\Downloads\zulu8.86.0.25-ca-fx-jdk8.0.452-win_x64\zulu8.86.0.25-ca-fx-jdk8.0.452-win_x64\jre\lib\jce.jar;C:\Users\91635\Downloads\zulu8.86.0.25-ca-fx-jdk8.0.452-win_x64\zulu8.86.0.25-ca-fx-jdk8.0.452-win_x64\jre\lib\charsets.jar;C:\Users\91635\Downloads\zulu8.86.0.25-ca-fx-jdk8.0.452-win_x64\zulu8.86.0.25-ca-fx-jdk8.0.452-win_x64\jre\lib\jfr.jar;C:\Users\91635\Downloads\zulu8.86.0.25-ca-fx-jdk8.0.452-win_x64\zulu8.86.0.25-ca-fx-jdk8.0.452-win_x64\jre\lib\cat.jar;C:\Users\91635\Downloads\zulu8.86.0.25-ca-fx-jdk8.0.452-win_x64\zulu8.86.0.25-ca-fx-jdk8.0.452-win_x64\jre\classes" />
    <property name="javac.target" value="1.8" />
    <property name="built-jar.properties" value="C:\Users\91635\Documents\NetBeansProjects\DisasterResponseSystem\build\built-jar.properties" />
    <property name="platforms.JDK_17.compiler" value="modern" />
    <property name="build.test.classes.dir" value="build/test/classes" />
    <property name="javafx.deploy.permissionselevated" value="false" />
    <property name="src.dir" value="src" />
    <property name="javac.test.compilerargs" value="" />
    <property name="annotation.processing.enabled" value="true" />
    <property name="sun.awt.keepWorkingSetOnMinimize" value="true" />
    <property name="polyglot.engine.WarnInterpreterOnly" value="false" />
    <property name="libs.jsf20.src" value="" />
    <property name="libs.jpa20-persistence.src" value="" />
    <property name="ignore.failing.tests" value="true" />
    <property name="javafx.enable.concurrent.external.runs" value="false" />
    <property name="libs.javaee-web-api-7.0.src" value="" />
    <property name="libs.primefaces.src" value="" />
    <property name="libs.jakartaee-api-11.0.src" value="" />
    <property name="javafx.deploy.embedJNLP" value="true" />
    <property name="dist.dir" value="dist" />
    <property name="libs.groovy-all.javadoc" value="" />
    <property name="jlink.launcher" value="false" />
    <property name="testng.debug.mode" value="" />
    <property name="libs.groovy-all.classpath" value="C:\Program Files\NetBeans-25\netbeans\groovy\modules\ext\groovy-3.0.23.jar;C:\Program Files\NetBeans-25\netbeans\groovy\modules\ext\groovy-ant-3.0.23.jar" />
    <property name="java.awt.printerjob" value="sun.awt.windows.WPrinterJob" />
    <property name="default.javac.source" value="17" />
    <property name="debug-transport-by-os" value="dt_shmem" />
    <property name="sun.jnu.encoding" value="Cp1252" />
    <property name="run.test.jvmargs" value="" />
    <property name="libs.jakartaee-api-10.0.javadoc" value="C:\Program Files\NetBeans-25\netbeans\enterprise\docs\jakartaee10-doc-api.jar" />
    <property name="java.runtime.version" value="1.8.0_452-b09" />
    <property name="build.test.results.dir" value="build/test/results" />
    <property name="javafx.run.inbrowser" value="&lt;Default System Browser&gt;" />
    <property name="native.bundling.enabled" value="false" />
    <property name="javafx.deploy.disable.proxy" value="false" />
    <property name="default.javac.target" value="17" />
    <property name="libs.junit_4.classpath" value="C:\Program Files\NetBeans-25\netbeans\platform\modules\ext\junit-4.13.2.jar" />
    <property name="flatlaf.nativeLibraryPath" value="system" />
    <property name="user.timezone" value="" />
    <property name="nb.junit.single" value="false" />
    <property name="do.jar" value="true" />
    <property name="libs.jakartaee-web-api-10.0.src" value="" />
    <property name="libs.javaee-endorsed-api-6.0.maven-pom" value="" />
    <property name="netbeans.dirs" value="C:\Program Files\NetBeans-25\netbeans\nb;C:\Program Files\NetBeans-25\netbeans\ergonomics;C:\Program Files\NetBeans-25\netbeans\ide;C:\Program Files\NetBeans-25\netbeans\extide;C:\Program Files\NetBeans-25\netbeans\java;C:\Program Files\NetBeans-25\netbeans\apisupport;C:\Program Files\NetBeans-25\netbeans\webcommon;C:\Program Files\NetBeans-25\netbeans\websvccommon;C:\Program Files\NetBeans-25\netbeans\enterprise;C:\Program Files\NetBeans-25\netbeans\mobility;C:\Program Files\NetBeans-25\netbeans\profiler;C:\Program Files\NetBeans-25\netbeans\python;C:\Program Files\NetBeans-25\netbeans\php;C:\Program Files\NetBeans-25\netbeans\identity;C:\Program Files\NetBeans-25\netbeans\harness;C:\Program Files\NetBeans-25\netbeans\cnd;C:\Program Files\NetBeans-25\netbeans\cndext;C:\Program Files\NetBeans-25\netbeans\cpplite;C:\Program Files\NetBeans-25\netbeans\dlight;C:\Program Files\NetBeans-25\netbeans\groovy;C:\Program Files\NetBeans-25\netbeans\extra;C:\Program Files\NetBeans-25\netbeans\javacard;C:\Program Files\NetBeans-25\netbeans\javafx;C:\Program Files\NetBeans-25\netbeans\rust" />
    <property name="libs.spring-framework500.maven-pom" value="" />
    <property name="libs.jsf20.javadoc" value="C:\Program Files\NetBeans-25\netbeans\enterprise\docs\javaee-doc-api.jar" />
    <property name="libs.jstl.javadoc" value="C:\Program Files\NetBeans-25\netbeans\enterprise\docs\javaee-doc-api.jar" />
    <property name="java.ext.dirs" value="C:\Users\91635\Downloads\zulu8.86.0.25-ca-fx-jdk8.0.452-win_x64\zulu8.86.0.25-ca-fx-jdk8.0.452-win_x64\jre\lib\ext;C:\windows\Sun\Java\lib\ext" />
    <property name="libs.metro.src" value="" />
    <property name="endorsed.classpath" value="" />
    <property name="libs.absolutelayout.classpath" value="C:\Program Files\NetBeans-25\netbeans\java\modules\ext\AbsoluteLayout.jar" />
    <property name="excludes" value="" />
    <property name="libs.restlib.maven-pom" value="" />
    <property name="libs.metro.classpath" value="C:\Program Files\NetBeans-25\netbeans\ide\modules\ext\jaxb\activation.jar;C:\Program Files\NetBeans-25\netbeans\enterprise\modules\ext\metro\webservices-api.jar;C:\Program Files\NetBeans-25\netbeans\enterprise\modules\ext\metro\webservices-extra-api.jar;C:\Program Files\NetBeans-25\netbeans\enterprise\modules\ext\metro\webservices-extra.jar;C:\Program Files\NetBeans-25\netbeans\enterprise\modules\ext\metro\webservices-rt.jar;C:\Program Files\NetBeans-25\netbeans\enterprise\modules\ext\metro\webservices-tools.jar" />
    <property name="java.class.path" value="C:\Users\91635\Downloads\mysql-connector-j-9.3.0\mysql-connector-j-9.3.0\mysql-connector-j-9.3.0.jar;C:\Users\91635\Documents\NetBeansProjects\DisasterResponseSystem\build\classes;C:\Program Files\NetBeans-25\netbeans\platform\modules\ext\junit-4.13.2.jar;C:\Program Files\NetBeans-25\netbeans\platform\modules\ext\hamcrest-core-1.3.jar;C:\Users\91635\Documents\NetBeansProjects\DisasterResponseSystem\build\test\classes;C:\Program Files\NetBeans-25\netbeans\extide\ant\lib\ant-launcher.jar;C:\Program Files\NetBeans-25\netbeans\extide\ant\lib\ant.jar;C:\Program Files\NetBeans-25\netbeans\extide\ant\lib\ant-junit.jar;C:\Program Files\NetBeans-25\netbeans\extide\ant\lib\ant-junit4.jar" />
    <property name="apple.laf.useScreenMenuBar" value="true" />
    <property name="libs.absolutelayout.src" value="" />
    <property name="libs.jakartaee-api-9.0.maven-pom" value="" />
    <property name="libs.jpa20-persistence.classpath" value="C:\Program Files\NetBeans-25\netbeans\java\modules\ext\eclipselink\jakarta.persistence-2.2.3.jar" />
    <property name="libs.junit_5.javadoc" value="C:\Program Files\NetBeans-25\netbeans\platform\docs\junit-jupiter-api-5.10.3-javadoc.jar;C:\Program Files\NetBeans-25\netbeans\platform\docs\junit-jupiter-params-5.10.3-javadoc.jar;C:\Program Files\NetBeans-25\netbeans\platform\docs\junit-jupiter-engine-5.10.3-javadoc.jar" />
    <property name="libs.spring-framework500.src" value="" />
    <property name="os.version" value="10.0" />
    <property name="application.args" value="" />
    <property name="libs.jakartaee-api-8.0.javadoc" value="C:\Program Files\NetBeans-25\netbeans\enterprise\docs\jakartaee8-doc-api.jar" />
    <property name="manifest.custom.permissions" value="" />
    <property name="libs.javaee-api-7.0.maven-pom" value="" />
    <property name="sun.awt.enableExtraMouseButtons" value="true" />
    <property name="main.class.available" value="true" />
    <property name="sun.desktop" value="windows" />
    <property name="jlink.launcher.name" value="DisasterResponseSystem" />
    <property name="ant.file.type.DisasterResponseSystem-impl" value="file" />
    <property name="libs.restlib.javadoc" value="" />
    <property name="javafx.deploy.allowoffline" value="true" />
    <property name="libs.JAXB-ENDORSED.classpath" value="C:\Program Files\NetBeans-25\netbeans\ide\modules\ext\jaxb\api\jaxb-api.jar" />
    <property name="run.test.modulepath" value="C:\Program Files\NetBeans-25\netbeans\platform\modules\ext\junit-4.13.2.jar:C:\Program Files\NetBeans-25\netbeans\platform\modules\ext\junit-jupiter-api-5.10.3.jar;C:\Program Files\NetBeans-25\netbeans\platform\modules\ext\junit-jupiter-params-5.10.3.jar;C:\Program Files\NetBeans-25\netbeans\platform\modules\ext\junit-jupiter-engine-5.10.3.jar" />
    <property name="nb.internal.action.name" value="test" />
    <property name="libs.eclipselink.classpath" value="C:\Program Files\NetBeans-25\netbeans\java\modules\ext\eclipselink\org.eclipse.persistence.core-2.7.12.jar;C:\Program Files\NetBeans-25\netbeans\java\modules\ext\eclipselink\org.eclipse.persistence.asm-9.4.0.jar;C:\Program Files\NetBeans-25\netbeans\java\modules\ext\eclipselink\org.eclipse.persistence.antlr-2.7.12.jar;C:\Program Files\NetBeans-25\netbeans\java\modules\ext\eclipselink\org.eclipse.persistence.jpa-2.7.12.jar;C:\Program Files\NetBeans-25\netbeans\java\modules\ext\eclipselink\org.eclipse.persistence.jpa.jpql-2.7.12.jar;C:\Program Files\NetBeans-25\netbeans\java\modules\ext\eclipselink\org.eclipse.persistence.moxy-2.7.12.jar;C:\Program Files\NetBeans-25\netbeans\java\modules\ext\eclipselink\jakarta.persistence-2.2.3.jar" />
    <property name="libs.javaee-api-7.0.javadoc" value="C:\Program Files\NetBeans-25\netbeans\enterprise\docs\javaee-doc-api.jar" />
    <property name="java.awt.graphicsenv" value="sun.awt.Win32GraphicsEnvironment" />
    <property name="java.vm.vendor" value="Azul Systems, Inc." />
    <property name="libs.CopyLibs.classpath" value="C:\Program Files\NetBeans-25\netbeans\java\ant\extra\org-netbeans-modules-java-j2seproject-copylibstask.jar" />
    <property name="libs.javaee-api-8.0.src" value="" />
    <property name="libs.jakartaee-web-api-10.0.classpath" value="C:\Program Files\NetBeans-25\netbeans\enterprise\modules\ext\jakarta.jakartaee-web-api-10.0.0.jar" />
    <property name="libs.jsp-compiler.maven-pom" value="" />
    <property name="libs.junit_5.maven-pom" value="" />
    <property name="libs.hamcrest.src" value="" />
    <property name="run.jvmargs" value="" />
    <property name="libs.JAXB-ENDORSED.src" value="" />
    <property name="libs.testng.javadoc" value="C:\Program Files\NetBeans-25\netbeans\platform\docs\testng-6.13.1-javadoc.jar" />
    <property name="platforms.JDK_1.8.home" value="C:\Users\91635\Downloads\zulu8.86.0.25-ca-fx-jdk8.0.452-win_x64\zulu8.86.0.25-ca-fx-jdk8.0.452-win_x64" />
    <property name="user.script" value="" />
    <property name="libs.PostgreSQLDriver.classpath" value="C:\Program Files\NetBeans-25\netbeans\ide\modules\ext\postgresql-42.5.4.jar" />
    <property name="annotation.processing.source.output" value="build/generated-sources/ap-source-output" />
    <property name="libs.JavaFX24.classpath" value="C:\Users\91635\Downloads\openjfx-21.0.7_windows-x64_bin-sdk\javafx-sdk-21.0.7\lib\javafx-swt.jar;C:\Users\91635\Downloads\openjfx-21.0.7_windows-x64_bin-sdk\javafx-sdk-21.0.7\lib\javafx.base.jar;C:\Users\91635\Downloads\openjfx-21.0.7_windows-x64_bin-sdk\javafx-sdk-21.0.7\lib\javafx.controls.jar;C:\Users\91635\Downloads\openjfx-21.0.7_windows-x64_bin-sdk\javafx-sdk-21.0.7\lib\javafx.fxml.jar;C:\Users\91635\Downloads\openjfx-21.0.7_windows-x64_bin-sdk\javafx-sdk-21.0.7\lib\javafx.graphics.jar;C:\Users\91635\Downloads\openjfx-21.0.7_windows-x64_bin-sdk\javafx-sdk-21.0.7\lib\javafx.media.jar;C:\Users\91635\Downloads\openjfx-21.0.7_windows-x64_bin-sdk\javafx-sdk-21.0.7\lib\javafx.swing.jar;C:\Users\91635\Downloads\openjfx-21.0.7_windows-x64_bin-sdk\javafx-sdk-21.0.7\lib\javafx.web.jar" />
    <property name="native.encoding" value="UTF-8" />
    <property name="main.class" value="com.javafx.main.Main" />
    <property name="libs.CopyLibs.src" value="" />
    <property name="build.dir" value="build" />
    <property name="libs.jsp-compilation.classpath" value="C:\Program Files\NetBeans-25\netbeans\extide\ant\lib\ant.jar;C:\Program Files\NetBeans-25\netbeans\enterprise\modules\ext\servlet4.0-jsp2.3-api.jar;C:\Program Files\NetBeans-25\netbeans\enterprise\modules\ext\glassfish-jspparser-5.1.0.jar;C:\Program Files\NetBeans-25\netbeans\enterprise\modules\ext\jsf-2_2\javax.faces.jar;C:\Program Files\NetBeans-25\netbeans\enterprise\modules\ext\jstl-api.jar;C:\Program Files\NetBeans-25\netbeans\extide\ant\lib\ant-launcher.jar" />
    <property name="debug.modulepath" value="C:\Program Files\NetBeans-25\netbeans\platform\modules\ext\junit-4.13.2.jar" />
    <property name="libs.javaee-web-api-8.0.javadoc" value="C:\Program Files\NetBeans-25\netbeans\enterprise\docs\javaee-doc-api.jar" />
    <property name="ant.version" value="Apache Ant(TM) version 1.10.14 compiled on August 16 2023" />
    <property name="libs.jakartaee-api-11.0.maven-pom" value="" />
    <property name="file.encoding" value="Cp1252" />
    <property name="build.classes.excludes" value="**/*.java,**/*.form" />
    <property name="javadoc.nonavbar" value="false" />
    <property name="platform.active" value="JDK_1.8" />
    <property name="libs.javaee-web-api-8.0.maven-pom" value="" />
    <property name="awt.toolkit" value="sun.awt.windows.WToolkit" />
    <property name="javafx.deploy.installpermanently" value="false" />
    <property name="libs.javaee-web-api-7.0.javadoc" value="C:\Program Files\NetBeans-25\netbeans\enterprise\docs\javaee-doc-api.jar" />
  </properties>
  <testcase classname="disasterresponsesystem.IncidentTest" name="testGetDepartment" time="0.013" />
  <testcase classname="disasterresponsesystem.IncidentTest" name="testGetSeverity" time="0.0" />
  <testcase classname="disasterresponsesystem.IncidentTest" name="testGetLocation" time="0.0" />
  <testcase classname="disasterresponsesystem.IncidentTest" name="testGetType" time="0.0" />
  <testcase classname="disasterresponsesystem.IncidentTest" name="testGetTimestamp" time="0.001" />
  <testcase classname="disasterresponsesystem.IncidentTest" name="testSetStatus" time="0.0" />
  <testcase classname="disasterresponsesystem.IncidentTest" name="testGetStatus" time="0.0" />
  <system-out><![CDATA[]]></system-out>
  <system-err><![CDATA[]]></system-err>
</testsuite>
